<?xml version="1.0" encoding="UTF-8"?>
<testng-results ignored="0" total="2" passed="2" failed="0" skipped="0">
  <reporter-output>
  </reporter-output>
  <suite started-at="2022-03-11T13:57:53 IST" name="Default suite" finished-at="2022-03-11T13:58:35 IST" duration-ms="42417">
    <groups>
    </groups>
    <test started-at="2022-03-11T13:57:53 IST" name="Default test" finished-at="2022-03-11T13:58:35 IST" duration-ms="42417">
      <class name="com.testng.AutomateWebApp">
        <test-method signature="registration()[pri:0, instance:com.testng.AutomateWebApp@69e1dd28]" started-at="2022-03-11T13:57:53 IST" name="registration" finished-at="2022-03-11T13:58:17 IST" duration-ms="23876" status="PASS">
          <reporter-output>
          </reporter-output>
        </test-method> <!-- registration -->
        <test-method signature="login()[pri:0, instance:com.testng.AutomateWebApp@69e1dd28]" started-at="2022-03-11T13:58:17 IST" name="login" finished-at="2022-03-11T13:58:35 IST" depends-on-methods="com.testng.AutomateWebApp.registration" duration-ms="18475" status="PASS">
          <reporter-output>
          </reporter-output>
        </test-method> <!-- login -->
      </class> <!-- com.testng.AutomateWebApp -->
    </test> <!-- Default test -->
  </suite> <!-- Default suite -->
</testng-results>
